<?xml version="1.0" encoding="UTF-8"?>
<!-- Generated by org.testng.reporters.JUnitReportReporter -->
<testsuite skipped="0" hostname="CRacostaad01" name="statusCheckTest" tests="1" failures="0" timestamp="07 Nov 2020 03:57:05 GMT" time="2.339" errors="0">
  <testcase name="checkStatus" time="2.339" classname="statusCheckTest"/>
</testsuite> <!-- statusCheckTest -->
